[33m╷[0m[0m
[33m│[0m [0m[1m[33mWarning: [0m[0m[1mProvider development overrides are in effect[0m
[33m│[0m [0m
[33m│[0m [0m[0mThe following provider development overrides are set in the CLI
[33m│[0m [0mconfiguration:
[33m│[0m [0m - 1password/onepassword in /Users/jill.regan/Projects/terraform-provider-onepassword
[33m│[0m [0m
[33m│[0m [0mThe behavior may therefore not match any released version of the provider
[33m│[0m [0mand applying changes may cause the state to become incompatible with
[33m│[0m [0mpublished releases.
[33m╵[0m[0m
[0m[1mdata.onepassword_vault.terraform: Reading...[0m[0m
[0m[1mdata.onepassword_vault.terraform: Read complete after 0s [id=vaults/272np73y5dibhfmye7im64giuy][0m
[0m[1monepassword_item.login_with_section_fields_purpose: Refreshing state... [id=vaults/272np73y5dibhfmye7im64giuy/items/pizdv7urlqpr76yvih74uv76ke][0m

Terraform used the selected providers to generate the following execution
plan. Resource actions are indicated with the following symbols:
[31m-[0m/[32m+[0m destroy and then create replacement[0m

Terraform will perform the following actions:

[1m  # onepassword_item.login_with_section_fields_purpose[0m is tainted, so must be [1m[31mreplaced[0m
[0m[31m-[0m/[32m+[0m[0m resource "onepassword_item" "login_with_section_fields_purpose" {
      [33m~[0m[0m id       = "vaults/272np73y5dibhfmye7im64giuy/items/pizdv7urlqpr76yvih74uv76ke" -> (known after apply)
      [33m~[0m[0m uuid     = "pizdv7urlqpr76yvih74uv76ke" -> (known after apply)
        [90m# (5 unchanged attributes hidden)[0m[0m

      [33m~[0m[0m section {
          [33m~[0m[0m id    = "d0583765-674d-0512-94bb-69a2d66a1b0e" -> (known after apply)
            [90m# (1 unchanged attribute hidden)[0m[0m

          [33m~[0m[0m field {
              [33m~[0m[0m id      = "b8cd7b90-bd78-9fc2-cb07-6b748b909ebe" -> (known after apply)
              [32m+[0m[0m purpose = "USERNAME"
                [90m# (3 unchanged attributes hidden)[0m[0m
            }
          [33m~[0m[0m field {
              [33m~[0m[0m id      = "c5a8fa1e-0137-ae3a-a9b0-9570052f0fa0" -> (known after apply)
              [32m+[0m[0m purpose = "PASSWORD"
                [90m# (3 unchanged attributes hidden)[0m[0m
            }
        }
    }

[1mPlan:[0m 1 to add, 0 to change, 1 to destroy.
[0m[0m[1m
Do you want to perform these actions?[0m
  Terraform will perform the actions described above.
  Only 'yes' will be accepted to approve.

  [1mEnter a value:[0m [0m
[0m[1monepassword_item.login_with_section_fields_purpose: Destroying... [id=vaults/272np73y5dibhfmye7im64giuy/items/pizdv7urlqpr76yvih74uv76ke][0m[0m
[0m[1monepassword_item.login_with_section_fields_purpose: Destruction complete after 0s[0m
[0m[1monepassword_item.login_with_section_fields_purpose: Creating...[0m[0m
[31m╷[0m[0m
[31m│[0m [0m[1m[31mError: [0m[0m[1mProvider produced inconsistent result after apply[0m
[31m│[0m [0m
[31m│[0m [0m[0mWhen applying changes to
[31m│[0m [0monepassword_item.login_with_section_fields_purpose, provider
[31m│[0m [0m"provider[\"registry.terraform.io/1password/onepassword\"]" produced an
[31m│[0m [0munexpected new value: .section[0].field[0].purpose: was
[31m│[0m [0mcty.StringVal("USERNAME"), but now null.
[31m│[0m [0m
[31m│[0m [0mThis is a bug in the provider, which should be reported in the provider's
[31m│[0m [0mown issue tracker.
[31m╵[0m[0m
[31m╷[0m[0m
[31m│[0m [0m[1m[31mError: [0m[0m[1mProvider produced inconsistent result after apply[0m
[31m│[0m [0m
[31m│[0m [0m[0mWhen applying changes to
[31m│[0m [0monepassword_item.login_with_section_fields_purpose, provider
[31m│[0m [0m"provider[\"registry.terraform.io/1password/onepassword\"]" produced an
[31m│[0m [0munexpected new value: .section[0].field[1].purpose: was
[31m│[0m [0mcty.StringVal("PASSWORD"), but now null.
[31m│[0m [0m
[31m│[0m [0mThis is a bug in the provider, which should be reported in the provider's
[31m│[0m [0mown issue tracker.
[31m╵[0m[0m
